This is pdfTeX, Version 3.14159265-2.6-1.40.15 (MiKTeX 2.9 64-bit) (preloaded format=pdflatex 2015.6.25)  6 JUL 2015 11:26
entering extended mode
**Paper.tex
(Paper.tex
LaTeX2e <2014/05/01>
Babel <3.9l> and hyphenation patterns for 68 languages loaded.
("C:\Program Files\MiKTeX 2.9\tex\latex\base\article.cls"
Document Class: article 2014/09/29 v1.4h Standard LaTeX document class
("C:\Program Files\MiKTeX 2.9\tex\latex\base\size10.clo"
File: size10.clo 2014/09/29 v1.4h Standard LaTeX file (size option)
)
\c@part=\count79
\c@section=\count80
\c@subsection=\count81
\c@subsubsection=\count82
\c@paragraph=\count83
\c@subparagraph=\count84
\c@figure=\count85
\c@table=\count86
\abovecaptionskip=\skip41
\belowcaptionskip=\skip42
\bibindent=\dimen102
)
("C:\Program Files\MiKTeX 2.9\tex\latex\amsmath\amsmath.sty"
Package: amsmath 2013/01/14 v2.14 AMS math features
\@mathmargin=\skip43

For additional information on amsmath, use the `?' option.
("C:\Program Files\MiKTeX 2.9\tex\latex\amsmath\amstext.sty"
Package: amstext 2000/06/29 v2.01

("C:\Program Files\MiKTeX 2.9\tex\latex\amsmath\amsgen.sty"
File: amsgen.sty 1999/11/30 v2.0
\@emptytoks=\toks14
\ex@=\dimen103
))
("C:\Program Files\MiKTeX 2.9\tex\latex\amsmath\amsbsy.sty"
Package: amsbsy 1999/11/29 v1.2d
\pmbraise@=\dimen104
)
("C:\Program Files\MiKTeX 2.9\tex\latex\amsmath\amsopn.sty"
Package: amsopn 1999/12/14 v2.01 operator names
)
\inf@bad=\count87
LaTeX Info: Redefining \frac on input line 210.
\uproot@=\count88
\leftroot@=\count89
LaTeX Info: Redefining \overline on input line 306.
\classnum@=\count90
\DOTSCASE@=\count91
LaTeX Info: Redefining \ldots on input line 378.
LaTeX Info: Redefining \dots on input line 381.
LaTeX Info: Redefining \cdots on input line 466.
\Mathstrutbox@=\box26
\strutbox@=\box27
\big@size=\dimen105
LaTeX Font Info:    Redeclaring font encoding OML on input line 566.
LaTeX Font Info:    Redeclaring font encoding OMS on input line 567.
\macc@depth=\count92
\c@MaxMatrixCols=\count93
\dotsspace@=\muskip10
\c@parentequation=\count94
\dspbrk@lvl=\count95
\tag@help=\toks15
\row@=\count96
\column@=\count97
\maxfields@=\count98
\andhelp@=\toks16
\eqnshift@=\dimen106
\alignsep@=\dimen107
\tagshift@=\dimen108
\tagwidth@=\dimen109
\totwidth@=\dimen110
\lineht@=\dimen111
\@envbody=\toks17
\multlinegap=\skip44
\multlinetaggap=\skip45
\mathdisplay@stack=\toks18
LaTeX Info: Redefining \[ on input line 2665.
LaTeX Info: Redefining \] on input line 2666.
)
("C:\Program Files\MiKTeX 2.9\tex\latex\amsfonts\amsfonts.sty"
Package: amsfonts 2013/01/14 v3.01 Basic AMSFonts support
\symAMSa=\mathgroup4
\symAMSb=\mathgroup5
LaTeX Font Info:    Overwriting math alphabet `\mathfrak' in version `bold'
(Font)                  U/euf/m/n --> U/euf/b/n on input line 106.
)
("C:\Program Files\MiKTeX 2.9\tex\latex\amscls\amsthm.sty"
Package: amsthm 2009/07/02 v2.20.1
\thm@style=\toks19
\thm@bodyfont=\toks20
\thm@headfont=\toks21
\thm@notefont=\toks22
\thm@headpunct=\toks23
\thm@preskip=\skip46
\thm@postskip=\skip47
\thm@headsep=\skip48
\dth@everypar=\toks24
)
("C:\Program Files\MiKTeX 2.9\tex\latex\graphics\graphicx.sty"
Package: graphicx 2014/10/28 v1.0g Enhanced LaTeX Graphics (DPC,SPQR)

("C:\Program Files\MiKTeX 2.9\tex\latex\graphics\keyval.sty"
Package: keyval 2014/10/28 v1.15 key=value parser (DPC)
\KV@toks@=\toks25
)
("C:\Program Files\MiKTeX 2.9\tex\latex\graphics\graphics.sty"
Package: graphics 2014/10/28 v1.0p Standard LaTeX Graphics (DPC,SPQR)

("C:\Program Files\MiKTeX 2.9\tex\latex\graphics\trig.sty"
Package: trig 1999/03/16 v1.09 sin cos tan (DPC)
)
("C:\Program Files\MiKTeX 2.9\tex\latex\00miktex\graphics.cfg"
File: graphics.cfg 2007/01/18 v1.5 graphics configuration of teTeX/TeXLive
)
Package graphics Info: Driver file: pdftex.def on input line 91.

("C:\Program Files\MiKTeX 2.9\tex\latex\pdftex-def\pdftex.def"
File: pdftex.def 2011/05/27 v0.06d Graphics/color for pdfTeX

("C:\Program Files\MiKTeX 2.9\tex\generic\oberdiek\infwarerr.sty"
Package: infwarerr 2010/04/08 v1.3 Providing info/warning/error messages (HO)
)
("C:\Program Files\MiKTeX 2.9\tex\generic\oberdiek\ltxcmds.sty"
Package: ltxcmds 2011/11/09 v1.22 LaTeX kernel commands for general use (HO)
)
\Gread@gobject=\count99
))
\Gin@req@height=\dimen112
\Gin@req@width=\dimen113
)

LaTeX Warning: Unused global option(s):
    [paper=a4,fontsize=11pt].

(Paper.aux)
LaTeX Font Info:    Checking defaults for OML/cmm/m/it on input line 9.
LaTeX Font Info:    ... okay on input line 9.
LaTeX Font Info:    Checking defaults for T1/cmr/m/n on input line 9.
LaTeX Font Info:    ... okay on input line 9.
LaTeX Font Info:    Checking defaults for OT1/cmr/m/n on input line 9.
LaTeX Font Info:    ... okay on input line 9.
LaTeX Font Info:    Checking defaults for OMS/cmsy/m/n on input line 9.
LaTeX Font Info:    ... okay on input line 9.
LaTeX Font Info:    Checking defaults for OMX/cmex/m/n on input line 9.
LaTeX Font Info:    ... okay on input line 9.
LaTeX Font Info:    Checking defaults for U/cmr/m/n on input line 9.
LaTeX Font Info:    ... okay on input line 9.
 ("C:\Program Files\MiKTeX 2.9\tex\context\base\supp-pdf.mkii"
[Loading MPS to PDF converter (version 2006.09.02).]
\scratchcounter=\count100
\scratchdimen=\dimen114
\scratchbox=\box28
\nofMPsegments=\count101
\nofMParguments=\count102
\everyMPshowfont=\toks26
\MPscratchCnt=\count103
\MPscratchDim=\dimen115
\MPnumerator=\count104
\makeMPintoPDFobject=\count105
\everyMPtoPDFconversion=\toks27
)
LaTeX Font Info:    Try loading font information for U+msa on input line 11.
 ("C:\Program Files\MiKTeX 2.9\tex\latex\amsfonts\umsa.fd"
File: umsa.fd 2013/01/14 v3.01 AMS symbols A
)
LaTeX Font Info:    Try loading font information for U+msb on input line 11.

("C:\Program Files\MiKTeX 2.9\tex\latex\amsfonts\umsb.fd"
File: umsb.fd 2013/01/14 v3.01 AMS symbols B
)
(Sections/Introduction.tex
Missing character: There is no â in font cmr10!
Missing character: There is no € in font cmr10!
Missing character: There is no ™ in font cmr10!
 [1

{C:/ProgramData/MiKTeX/2.9/pdftex/config/pdftex.map}]) (Sections/OttoChallenge.
tex) (Sections/RelatedWork.tex
LaTeX Font Info:    Try loading font information for OMS+cmr on input line 3.

("C:\Program Files\MiKTeX 2.9\tex\latex\base\omscmr.fd"
File: omscmr.fd 2014/09/29 v2.5h Standard LaTeX font definitions
)
LaTeX Font Info:    Font shape `OMS/cmr/m/n' in size <10> not available
(Font)              Font shape `OMS/cmsy/m/n' tried instead on input line 3.
 [2])
(Sections/ResearchAndAnalysis.tex
<Images/max_per_feature.pdf, id=20, 1192.455pt x 618.81187pt>
File: Images/max_per_feature.pdf Graphic file (type pdf)

<use Images/max_per_feature.pdf>
Package pdftex.def Info: Images/max_per_feature.pdf used on input line 6.
(pdftex.def)             Requested size: 379.5021pt x 212.95192pt.

Overfull \hbox (34.5021pt too wide) in paragraph at lines 6--7
[][] 
 []

<Images/tsne.pdf, id=22, 578.16pt x 578.16pt>
File: Images/tsne.pdf Graphic file (type pdf)
 <use Images/tsne.pdf>
Package pdftex.def Info: Images/tsne.pdf used on input line 16.
(pdftex.def)             Requested size: 310.4979pt x 310.4991pt.

Overfull \hbox (16.13031pt too wide) in paragraph at lines 13--20
\OT1/cmr/m/n/10 stochas-tic neigh-bor em-bed-ding al-go-rithm was used. It mod-
els each high-dimensional
 []

[3 <./Images/max_per_feature.pdf>] [4 <./Images/tsne.pdf>]
Underfull \hbox (badness 10000) in paragraph at lines 30--31

 []

<Images/logistic_curve.pdf, id=73, 602.25pt x 401.5pt>
File: Images/logistic_curve.pdf Graphic file (type pdf)

<use Images/logistic_curve.pdf>
Package pdftex.def Info: Images/logistic_curve.pdf used on input line 37.
(pdftex.def)             Requested size: 241.49895pt x 161.00148pt.
 [5 <./Images/logistic_curve.pdf>])
(Sections/implementation.tex [6] (Sections/LogRegression.tex
Missing character: There is no â in font cmr10!
Missing character: There is no € in font cmr10!
Missing character: There is no ˜ in font cmr10!
Missing character: There is no â in font cmr10!
Missing character: There is no € in font cmr10!
Missing character: There is no ™ in font cmr10!
Missing character: There is no â in font cmr10!
Missing character: There is no € in font cmr10!
Missing character: There is no ˜ in font cmr10!
Missing character: There is no â in font cmr10!
Missing character: There is no € in font cmr10!
Missing character: There is no ™ in font cmr10!
Missing character: There is no â in font cmr10!
Missing character: There is no € in font cmr10!
Missing character: There is no ˜ in font cmr10!
Missing character: There is no â in font cmr10!
Missing character: There is no € in font cmr10!
Missing character: There is no ™ in font cmr10!


LaTeX Warning: `!h' float specifier changed to `!ht'.

[7] <Images/LRcm_train.pdf, id=86, 589.00049pt x 444.4605pt>
File: Images/LRcm_train.pdf Graphic file (type pdf)

<use Images/LRcm_train.pdf>
Package pdftex.def Info: Images/LRcm_train.pdf used on input line 40.
(pdftex.def)             Requested size: 241.49895pt x 182.23676pt.

<Images/LRcm_test.pdf, id=87, 589.00049pt x 444.4605pt>
File: Images/LRcm_test.pdf Graphic file (type pdf)

<use Images/LRcm_test.pdf>
Package pdftex.def Info: Images/LRcm_test.pdf used on input line 46.
(pdftex.def)             Requested size: 241.49895pt x 182.23676pt.


LaTeX Warning: `!h' float specifier changed to `!ht'.

) [8 <./Images/LRcm_train.pdf>] (Sections/KNNeighbor.tex
Missing character: There is no â in font cmr10!
Missing character: There is no € in font cmr10!
Missing character: There is no ˜ in font cmr10!
Missing character: There is no â in font cmr10!
Missing character: There is no € in font cmr10!
Missing character: There is no ™ in font cmr10!
Missing character: There is no â in font cmr10!
Missing character: There is no € in font cmr10!
Missing character: There is no ˜ in font cmr10!
Missing character: There is no â in font cmr10!
Missing character: There is no € in font cmr10!
Missing character: There is no ™ in font cmr10!
 [9 <./Images/LRcm_test.pdf>]
Overfull \hbox (24.11801pt too wide) in paragraph at lines 36--45
 [][] 
 []

<Images/KNN_scores.pdf, id=183, 589.00049pt x 444.4605pt>
File: Images/KNN_scores.pdf Graphic file (type pdf)

<use Images/KNN_scores.pdf>
Package pdftex.def Info: Images/KNN_scores.pdf used on input line 49.
(pdftex.def)             Requested size: 276.00105pt x 208.2793pt.

<Images/KNNcm_train.pdf, id=184, 589.00049pt x 444.4605pt>
File: Images/KNNcm_train.pdf Graphic file (type pdf)

<use Images/KNNcm_train.pdf>
Package pdftex.def Info: Images/KNNcm_train.pdf used on input line 56.
(pdftex.def)             Requested size: 241.49895pt x 182.23676pt.

<Images/KNNcm_test.pdf, id=185, 589.00049pt x 444.4605pt>
File: Images/KNNcm_test.pdf Graphic file (type pdf)

<use Images/KNNcm_test.pdf>
Package pdftex.def Info: Images/KNNcm_test.pdf used on input line 62.
(pdftex.def)             Requested size: 241.49895pt x 182.23676pt.
)
Underfull \hbox (badness 10000) in paragraph at lines 53--23

 []


LaTeX Warning: `!h' float specifier changed to `!ht'.


LaTeX Warning: `!h' float specifier changed to `!ht'.

[10 <./Images/KNN_scores.pdf>] (Sections/RandomForests.tex [11 <./Images/KNNcm_
train.pdf> <./Images/KNNcm_test.pdf

pdfTeX warning: pdflatex.exe (file ./Images/KNNcm_test.pdf): PDF inclusion: mul
tiple pdfs with page group included in a single page
>]
Underfull \hbox (badness 10000) in paragraph at lines 18--19

 []


Underfull \hbox (badness 10000) in paragraph at lines 39--40

 []

<Images/RFlogloss.pdf, id=314, 625.13548pt x 360.44662pt>
File: Images/RFlogloss.pdf Graphic file (type pdf)

<use Images/RFlogloss.pdf>
Package pdftex.def Info: Images/RFlogloss.pdf used on input line 44.
(pdftex.def)             Requested size: 345.0pt x 198.92274pt.

<Images/RFaccuracy.pdf, id=315, 625.13548pt x 360.44662pt>
File: Images/RFaccuracy.pdf Graphic file (type pdf)

<use Images/RFaccuracy.pdf>
Package pdftex.def Info: Images/RFaccuracy.pdf used on input line 50.
(pdftex.def)             Requested size: 345.0pt x 198.92274pt.

<Images/RFcm_train.pdf, id=316, 589.00049pt x 444.4605pt>
File: Images/RFcm_train.pdf Graphic file (type pdf)

<use Images/RFcm_train.pdf>
Package pdftex.def Info: Images/RFcm_train.pdf used on input line 57.
(pdftex.def)             Requested size: 241.49895pt x 182.23676pt.

<Images/RFcm_test.pdf, id=317, 589.00049pt x 444.4605pt>
File: Images/RFcm_test.pdf Graphic file (type pdf)

<use Images/RFcm_test.pdf>
Package pdftex.def Info: Images/RFcm_test.pdf used on input line 63.
(pdftex.def)             Requested size: 241.49895pt x 182.23676pt.
) [12]

LaTeX Warning: `!h' float specifier changed to `!ht'.


LaTeX Warning: `!h' float specifier changed to `!ht'.

(Sections/GradientBoosting.tex
Overfull \hbox (14.40668pt too wide) in paragraph at lines 3--19
[][]
 []

[13 <./Images/RFlogloss.pdf> <./Images/RFaccuracy.pdf

pdfTeX warning: pdflatex.exe (file ./Images/RFaccuracy.pdf): PDF inclusion: mul
tiple pdfs with page group included in a single page
>]

LaTeX Warning: `!h' float specifier changed to `!ht'.

[14 <./Images/RFcm_train.pdf> <./Images/RFcm_test.pdf

pdfTeX warning: pdflatex.exe (file ./Images/RFcm_test.pdf): PDF inclusion: mult
iple pdfs with page group included in a single page
>] <Images/GBlog_loss.pdf, id=519, 666.69077pt x 398.38837pt>
File: Images/GBlog_loss.pdf Graphic file (type pdf)

<use Images/GBlog_loss.pdf>
Package pdftex.def Info: Images/GBlog_loss.pdf used on input line 43.
(pdftex.def)             Requested size: 296.70021pt x 177.29137pt.

<Images/GBaccuracy.pdf, id=520, 666.69077pt x 399.29173pt>
File: Images/GBaccuracy.pdf Graphic file (type pdf)

<use Images/GBaccuracy.pdf>
Package pdftex.def Info: Images/GBaccuracy.pdf used on input line 49.
(pdftex.def)             Requested size: 310.4979pt x 185.96118pt.
 [15 <./Images/GBlog_loss.pdf>]
<Images/GBcm_train.pdf, id=576, 589.00049pt x 444.4605pt>
File: Images/GBcm_train.pdf Graphic file (type pdf)

<use Images/GBcm_train.pdf>
Package pdftex.def Info: Images/GBcm_train.pdf used on input line 59.
(pdftex.def)             Requested size: 238.05084pt x 179.6325pt.

<Images/GBcm_test.pdf, id=577, 589.00049pt x 444.4605pt>
File: Images/GBcm_test.pdf Graphic file (type pdf)

<use Images/GBcm_test.pdf>
Package pdftex.def Info: Images/GBcm_test.pdf used on input line 65.
(pdftex.def)             Requested size: 241.49895pt x 182.23676pt.
 [16 <./Images/GBaccuracy.pdf> <./Images/GBcm_train.pdf

pdfTeX warning: pdflatex.exe (file ./Images/GBcm_train.pdf): PDF inclusion: mul
tiple pdfs with page group included in a single page
>]) (Sections/combining.tex
<Images/weights.pdf, id=679, 589.00049pt x 444.4605pt>
File: Images/weights.pdf Graphic file (type pdf)

<use Images/weights.pdf>
Package pdftex.def Info: Images/weights.pdf used on input line 32.
(pdftex.def)             Requested size: 276.00105pt x 208.2793pt.


LaTeX Warning: `!h' float specifier changed to `!ht'.

) [17 <./Images/GBcm_test.pdf>] (Sections/computationTime.tex [18 <./Images/wei
ghts.pdf>])) (Sections/discussion.tex
<Images/stackingschema.pdf, id=770, 441.65pt x 212.795pt>
File: Images/stackingschema.pdf Graphic file (type pdf)

<use Images/stackingschema.pdf>
Package pdftex.def Info: Images/stackingschema.pdf used on input line 11.
(pdftex.def)             Requested size: 241.49895pt x 116.35898pt.
 [19 <./Images/stackingschema.pdf>])
(Sections/references.tex
Overfull \hbox (27.55247pt too wide) in paragraph at lines 18--21
\OT1/cmtt/m/n/10 https://www.kaggle.com/c/otto-group-product-classification-cha
llenge 
 []

) [20] (Paper.aux) ) 
Here is how much of TeX's memory you used:
 2077 strings out of 493698
 27177 string characters out of 3144421
 88363 words of memory out of 3000000
 5338 multiletter control sequences out of 15000+200000
 13243 words of font info for 51 fonts, out of 3000000 for 9000
 1025 hyphenation exceptions out of 8191
 27i,12n,24p,832b,244s stack positions out of 5000i,500n,10000p,200000b,50000s
<C:/Program Files/MiKTeX 2.9/fonts/type1/public/amsfonts/cm
/cmbx10.pfb><C:/Program Files/MiKTeX 2.9/fonts/type1/public/amsfonts/cm/cmbx12.
pfb><C:/Program Files/MiKTeX 2.9/fonts/type1/public/amsfonts/cm/cmbx7.pfb><C:/P
rogram Files/MiKTeX 2.9/fonts/type1/public/amsfonts/cm/cmbx9.pfb><C:/Program Fi
les/MiKTeX 2.9/fonts/type1/public/amsfonts/cm/cmex10.pfb><C:/Program Files/MiKT
eX 2.9/fonts/type1/public/amsfonts/cm/cmmi10.pfb><C:/Program Files/MiKTeX 2.9/f
onts/type1/public/amsfonts/cm/cmmi7.pfb><C:/Program Files/MiKTeX 2.9/fonts/type
1/public/amsfonts/cm/cmr10.pfb><C:/Program Files/MiKTeX 2.9/fonts/type1/public/
amsfonts/cm/cmr12.pfb><C:/Program Files/MiKTeX 2.9/fonts/type1/public/amsfonts/
cm/cmr17.pfb><C:/Program Files/MiKTeX 2.9/fonts/type1/public/amsfonts/cm/cmr7.p
fb><C:/Program Files/MiKTeX 2.9/fonts/type1/public/amsfonts/cm/cmr9.pfb><C:/Pro
gram Files/MiKTeX 2.9/fonts/type1/public/amsfonts/cm/cmsy10.pfb><C:/Program Fil
es/MiKTeX 2.9/fonts/type1/public/amsfonts/cm/cmti10.pfb><C:/Program Files/MiKTe
X 2.9/fonts/type1/public/amsfonts/cm/cmtt10.pfb>
Output written on Paper.pdf (20 pages, 4121421 bytes).
PDF statistics:
 828 PDF objects out of 1000 (max. 8388607)
 0 named destinations out of 1000 (max. 500000)
 97 words of extra memory for PDF output out of 10000 (max. 10000000)

